[debug] [2020-09-10T23:41:29.576Z] ----------------------------------------------------------------------
[debug] [2020-09-10T23:41:29.582Z] Command:       /usr/bin/node /usr/local/bin/firebase emulators:start
[debug] [2020-09-10T23:41:29.585Z] CLI Version:   8.10.0
[debug] [2020-09-10T23:41:29.586Z] Platform:      linux
[debug] [2020-09-10T23:41:29.586Z] Node Version:  v10.19.0
[debug] [2020-09-10T23:41:29.600Z] Time:          Thu Sep 10 2020 18:41:29 GMT-0500 (Central Daylight Time)
[debug] [2020-09-10T23:41:29.600Z] ----------------------------------------------------------------------
[debug] [2020-09-10T23:41:29.600Z] 
[debug] [2020-09-10T23:41:29.620Z] > command requires scopes: ["email","openid","https://www.googleapis.com/auth/cloudplatformprojects.readonly","https://www.googleapis.com/auth/firebase","https://www.googleapis.com/auth/cloud-platform"]
[debug] [2020-09-10T23:41:29.622Z] > authorizing via signed-in user
[info] i  emulators: Starting emulators: functions, hosting {"metadata":{"emulator":{"name":"hub"},"message":"Starting emulators: functions, hosting"}}
[warn] ⚠  emulators: It seems that you are running multiple instances of the emulator suite for project challenge-bc120. This may result in unexpected behavior. 
[debug] [2020-09-10T23:41:29.690Z] [hub] writing locator at /tmp/hub-challenge-bc120.json
[warn] ⚠  functions: The following emulators are not running, calls to these services from the Functions emulator will affect production: firestore, database, pubsub {"metadata":{"emulator":{"name":"functions"},"message":"The following emulators are not running, calls to these services from the Functions emulator will affect production: \u001b[1mfirestore, database, pubsub\u001b[22m"}}
[info] ✔  functions: Using node@10 from host. {"metadata":{"emulator":{"name":"functions"},"message":"Using node@10 from host."}}
[debug] [2020-09-10T23:41:29.757Z] defaultcredentials: writing to file /home/axelcoevas/.config/firebase/axelcoevas_gmail_com_application_default_credentials.json
[debug] [2020-09-10T23:41:29.764Z] Setting GAC to /home/axelcoevas/.config/firebase/axelcoevas_gmail_com_application_default_credentials.json {"metadata":{"emulator":{"name":"functions"},"message":"Setting GAC to /home/axelcoevas/.config/firebase/axelcoevas_gmail_com_application_default_credentials.json"}}
[debug] [2020-09-10T23:41:29.782Z] >>> HTTP REQUEST GET https://firebase.googleapis.com/v1beta1/projects/challenge-bc120/webApps/-/config  
 
[debug] [2020-09-10T23:41:30.338Z] <<< HTTP RESPONSE 200 {"content-type":"application/json; charset=UTF-8","vary":"X-Origin, Referer, Origin,Accept-Encoding","date":"Thu, 10 Sep 2020 23:41:31 GMT","server":"ESF","cache-control":"private","x-xss-protection":"0","x-frame-options":"SAMEORIGIN","x-content-type-options":"nosniff","alt-svc":"h3-29=\":443\"; ma=2592000,h3-27=\":443\"; ma=2592000,h3-T051=\":443\"; ma=2592000,h3-T050=\":443\"; ma=2592000,h3-Q050=\":443\"; ma=2592000,h3-Q046=\":443\"; ma=2592000,h3-Q043=\":443\"; ma=2592000,quic=\":443\"; ma=2592000; v=\"46,43\"","accept-ranges":"none","transfer-encoding":"chunked"}
[info] i  hosting: Serving hosting files from: build {"metadata":{"emulator":{"name":"hosting"},"message":"Serving hosting files from: \u001b[1mbuild\u001b[22m"}}
[info] ✔  hosting: Local server: http://localhost:5000 {"metadata":{"emulator":{"name":"hosting"},"message":"Local server: \u001b[4m\u001b[1mhttp://localhost:5000\u001b[22m\u001b[24m"}}
[debug] [2020-09-10T23:41:30.432Z] Ignoring unsupported arg: auto_download {"metadata":{"emulator":{"name":"ui"},"message":"Ignoring unsupported arg: auto_download"}}
[debug] [2020-09-10T23:41:30.433Z] Ignoring unsupported arg: port {"metadata":{"emulator":{"name":"ui"},"message":"Ignoring unsupported arg: port"}}
[debug] [2020-09-10T23:41:30.433Z] Starting Emulator UI with command {"binary":"node","args":["/home/axelcoevas/.cache/firebase/emulators/ui-v1.1.1/server.bundle.js"],"optionalArgs":[],"joinArgs":false} {"metadata":{"emulator":{"name":"ui"},"message":"Starting Emulator UI with command {\"binary\":\"node\",\"args\":[\"/home/axelcoevas/.cache/firebase/emulators/ui-v1.1.1/server.bundle.js\"],\"optionalArgs\":[],\"joinArgs\":false}"}}
[info] i  ui: Emulator UI logging to ui-debug.log {"metadata":{"emulator":{"name":"ui"},"message":"Emulator UI logging to \u001b[1mui-debug.log\u001b[22m"}}
[debug] [2020-09-10T23:41:31.962Z] Web / API server started at http://localhost:4000
 {"metadata":{"emulator":{"name":"ui"},"message":"Web / API server started at http://localhost:4000\n"}}
[info] i  functions: Watching "/mnt/c/Users/axel_/Documents/Learning/5 Days React JS/amazon-clone/functions" for Cloud Functions... {"metadata":{"emulator":{"name":"functions"},"message":"Watching \"/mnt/c/Users/axel_/Documents/Learning/5 Days React JS/amazon-clone/functions\" for Cloud Functions..."}}
[debug] [2020-09-10T23:41:32.135Z] [worker-pool] addWorker(~diagnostic~) {"metadata":{"emulator":{"name":"functions"},"message":"[worker-pool] addWorker(~diagnostic~)"}}
[debug] [2020-09-10T23:41:32.136Z] [worker-pool] Adding worker with key ~diagnostic~, total=1 {"metadata":{"emulator":{"name":"functions"},"message":"[worker-pool] Adding worker with key ~diagnostic~, total=1"}}
[debug] [2020-09-10T23:41:32.136Z] [worker-pool] submitWork(triggerId=) {"metadata":{"emulator":{"name":"functions"},"message":"[worker-pool] submitWork(triggerId=)"}}
[debug] [2020-09-10T23:41:32.138Z] [worker-~diagnostic~-5ac98773-3c69-42fd-8e8e-0f1b92d41404]: Assigning socketPath: /tmp/fire_emu_389.sock {"metadata":{"emulator":{"name":"functions"},"message":"[worker-~diagnostic~-5ac98773-3c69-42fd-8e8e-0f1b92d41404]: Assigning socketPath: /tmp/fire_emu_389.sock"}}
[debug] [2020-09-10T23:41:32.139Z] [worker-~diagnostic~-5ac98773-3c69-42fd-8e8e-0f1b92d41404]: BUSY {"metadata":{"emulator":{"name":"functions"},"message":"[worker-~diagnostic~-5ac98773-3c69-42fd-8e8e-0f1b92d41404]: BUSY"}}
[debug] [2020-09-10T23:41:33.770Z] [runtime-status] [389] Functions runtime initialized. {"cwd":"/mnt/c/Users/axel_/Documents/Learning/5 Days React JS/amazon-clone/functions","node_version":"10.19.0"} {"metadata":{"emulator":{"name":"functions"},"message":"[runtime-status] [389] Functions runtime initialized. {\"cwd\":\"/mnt/c/Users/axel_/Documents/Learning/5 Days React JS/amazon-clone/functions\",\"node_version\":\"10.19.0\"}"}}
[debug] [2020-09-10T23:41:33.771Z] [runtime-status] [389] Disabled runtime features: undefined {"metadata":{"emulator":{"name":"functions"},"message":"[runtime-status] [389] Disabled runtime features: undefined"}}
[debug] [2020-09-10T23:41:33.775Z] [runtime-status] [389] Resolved module firebase-admin {"declared":true,"installed":true,"version":"8.13.0","resolution":"/mnt/c/Users/axel_/Documents/Learning/5 Days React JS/amazon-clone/functions/node_modules/firebase-admin/lib/index.js"} {"metadata":{"emulator":{"name":"functions"},"message":"[runtime-status] [389] Resolved module firebase-admin {\"declared\":true,\"installed\":true,\"version\":\"8.13.0\",\"resolution\":\"/mnt/c/Users/axel_/Documents/Learning/5 Days React JS/amazon-clone/functions/node_modules/firebase-admin/lib/index.js\"}"}}
[debug] [2020-09-10T23:41:33.778Z] [runtime-status] [389] Resolved module firebase-functions {"declared":true,"installed":true,"version":"3.11.0","resolution":"/mnt/c/Users/axel_/Documents/Learning/5 Days React JS/amazon-clone/functions/node_modules/firebase-functions/lib/index.js"} {"metadata":{"emulator":{"name":"functions"},"message":"[runtime-status] [389] Resolved module firebase-functions {\"declared\":true,\"installed\":true,\"version\":\"3.11.0\",\"resolution\":\"/mnt/c/Users/axel_/Documents/Learning/5 Days React JS/amazon-clone/functions/node_modules/firebase-functions/lib/index.js\"}"}}
[debug] [2020-09-10T23:41:33.780Z] [runtime-status] [389] Resolved module firebase-functions {"declared":true,"installed":true,"version":"3.11.0","resolution":"/mnt/c/Users/axel_/Documents/Learning/5 Days React JS/amazon-clone/functions/node_modules/firebase-functions/lib/index.js"} {"metadata":{"emulator":{"name":"functions"},"message":"[runtime-status] [389] Resolved module firebase-functions {\"declared\":true,\"installed\":true,\"version\":\"3.11.0\",\"resolution\":\"/mnt/c/Users/axel_/Documents/Learning/5 Days React JS/amazon-clone/functions/node_modules/firebase-functions/lib/index.js\"}"}}
[debug] [2020-09-10T23:41:33.786Z] [runtime-status] [389] Outgoing network have been stubbed. [{"name":"http","status":"mocked"},{"name":"http","status":"mocked"},{"name":"https","status":"mocked"},{"name":"https","status":"mocked"},{"name":"net","status":"mocked"}] {"metadata":{"emulator":{"name":"functions"},"message":"[runtime-status] [389] Outgoing network have been stubbed. [{\"name\":\"http\",\"status\":\"mocked\"},{\"name\":\"http\",\"status\":\"mocked\"},{\"name\":\"https\",\"status\":\"mocked\"},{\"name\":\"https\",\"status\":\"mocked\"},{\"name\":\"net\",\"status\":\"mocked\"}]"}}
[debug] [2020-09-10T23:41:33.790Z] [runtime-status] [389] Resolved module firebase-functions {"declared":true,"installed":true,"version":"3.11.0","resolution":"/mnt/c/Users/axel_/Documents/Learning/5 Days React JS/amazon-clone/functions/node_modules/firebase-functions/lib/index.js"} {"metadata":{"emulator":{"name":"functions"},"message":"[runtime-status] [389] Resolved module firebase-functions {\"declared\":true,\"installed\":true,\"version\":\"3.11.0\",\"resolution\":\"/mnt/c/Users/axel_/Documents/Learning/5 Days React JS/amazon-clone/functions/node_modules/firebase-functions/lib/index.js\"}"}}
[debug] [2020-09-10T23:41:33.890Z] [runtime-status] [389] Checked functions.config() {"config":{}} {"metadata":{"emulator":{"name":"functions"},"message":"[runtime-status] [389] Checked functions.config() {\"config\":{}}"}}
[debug] [2020-09-10T23:41:33.890Z] [runtime-status] [389] firebase-functions has been stubbed. {"functionsResolution":{"declared":true,"installed":true,"version":"3.11.0","resolution":"/mnt/c/Users/axel_/Documents/Learning/5 Days React JS/amazon-clone/functions/node_modules/firebase-functions/lib/index.js"}} {"metadata":{"emulator":{"name":"functions"},"message":"[runtime-status] [389] firebase-functions has been stubbed. {\"functionsResolution\":{\"declared\":true,\"installed\":true,\"version\":\"3.11.0\",\"resolution\":\"/mnt/c/Users/axel_/Documents/Learning/5 Days React JS/amazon-clone/functions/node_modules/firebase-functions/lib/index.js\"}}"}}
[debug] [2020-09-10T23:41:33.891Z] [runtime-status] [389] Resolved module firebase-functions {"declared":true,"installed":true,"version":"3.11.0","resolution":"/mnt/c/Users/axel_/Documents/Learning/5 Days React JS/amazon-clone/functions/node_modules/firebase-functions/lib/index.js"} {"metadata":{"emulator":{"name":"functions"},"message":"[runtime-status] [389] Resolved module firebase-functions {\"declared\":true,\"installed\":true,\"version\":\"3.11.0\",\"resolution\":\"/mnt/c/Users/axel_/Documents/Learning/5 Days React JS/amazon-clone/functions/node_modules/firebase-functions/lib/index.js\"}"}}
[debug] [2020-09-10T23:41:33.894Z] [runtime-status] [389] Resolved module firebase-admin {"declared":true,"installed":true,"version":"8.13.0","resolution":"/mnt/c/Users/axel_/Documents/Learning/5 Days React JS/amazon-clone/functions/node_modules/firebase-admin/lib/index.js"} {"metadata":{"emulator":{"name":"functions"},"message":"[runtime-status] [389] Resolved module firebase-admin {\"declared\":true,\"installed\":true,\"version\":\"8.13.0\",\"resolution\":\"/mnt/c/Users/axel_/Documents/Learning/5 Days React JS/amazon-clone/functions/node_modules/firebase-admin/lib/index.js\"}"}}
[debug] [2020-09-10T23:41:33.895Z] [runtime-status] [389] Resolved module firebase-functions {"declared":true,"installed":true,"version":"3.11.0","resolution":"/mnt/c/Users/axel_/Documents/Learning/5 Days React JS/amazon-clone/functions/node_modules/firebase-functions/lib/index.js"} {"metadata":{"emulator":{"name":"functions"},"message":"[runtime-status] [389] Resolved module firebase-functions {\"declared\":true,\"installed\":true,\"version\":\"3.11.0\",\"resolution\":\"/mnt/c/Users/axel_/Documents/Learning/5 Days React JS/amazon-clone/functions/node_modules/firebase-functions/lib/index.js\"}"}}
[debug] [2020-09-10T23:41:33.896Z] [runtime-status] [389] firebase-admin has been stubbed. {"adminResolution":{"declared":true,"installed":true,"version":"8.13.0","resolution":"/mnt/c/Users/axel_/Documents/Learning/5 Days React JS/amazon-clone/functions/node_modules/firebase-admin/lib/index.js"}} {"metadata":{"emulator":{"name":"functions"},"message":"[runtime-status] [389] firebase-admin has been stubbed. {\"adminResolution\":{\"declared\":true,\"installed\":true,\"version\":\"8.13.0\",\"resolution\":\"/mnt/c/Users/axel_/Documents/Learning/5 Days React JS/amazon-clone/functions/node_modules/firebase-admin/lib/index.js\"}}"}}
[info] ✔  functions[api]: http function initialized (http://localhost:5001/challenge-bc120/us-central1/api). {"metadata":{"emulator":{"name":"functions"},"message":"\u001b[1mhttp\u001b[22m function initialized (http://localhost:5001/challenge-bc120/us-central1/api)."}}
[info] 
┌───────────────────────────────────────────────────────────────────────┐
│ ✔  All emulators ready! View status and logs at http://localhost:4000 │
└───────────────────────────────────────────────────────────────────────┘

┌───────────┬────────────────┬─────────────────────────────────┐
│ Emulator  │ Host:Port      │ View in Emulator UI             │
├───────────┼────────────────┼─────────────────────────────────┤
│ Functions │ localhost:5001 │ http://localhost:4000/functions │
├───────────┼────────────────┼─────────────────────────────────┤
│ Hosting   │ localhost:5000 │ n/a                             │
└───────────┴────────────────┴─────────────────────────────────┘
  Other reserved ports: 4400, 4500

Issues? Report them at https://github.com/firebase/firebase-tools/issues and attach the *-debug.log files.
 
[debug] [2020-09-10T23:41:34.310Z] [worker-~diagnostic~-5ac98773-3c69-42fd-8e8e-0f1b92d41404]: IDLE {"metadata":{"emulator":{"name":"functions"},"message":"[worker-~diagnostic~-5ac98773-3c69-42fd-8e8e-0f1b92d41404]: IDLE"}}
[debug] [2020-09-10T23:42:59.005Z] [work-queue] {"queueLength":1,"workRunningCount":0}
[debug] [2020-09-10T23:42:59.008Z] [work-queue] {"queueLength":0,"workRunningCount":1}
[debug] [2020-09-10T23:42:59.010Z] Accepted request POST /challenge-bc120/us-central1/api/payments/create?total=5998 --> api
[debug] [2020-09-10T23:42:59.068Z] [worker-pool] addWorker(api) {"metadata":{"emulator":{"name":"functions"},"message":"[worker-pool] addWorker(api)"}}
[debug] [2020-09-10T23:42:59.071Z] [worker-pool] Adding worker with key api, total=1 {"metadata":{"emulator":{"name":"functions"},"message":"[worker-pool] Adding worker with key api, total=1"}}
[debug] [2020-09-10T23:42:59.073Z] [worker-pool] submitWork(triggerId=api) {"metadata":{"emulator":{"name":"functions"},"message":"[worker-pool] submitWork(triggerId=api)"}}
[debug] [2020-09-10T23:42:59.073Z] [worker-api-2368fc5b-0ebe-45c8-b5ec-2c78f662a87d]: Assigning socketPath: /tmp/fire_emu_396.sock {"metadata":{"emulator":{"name":"functions"},"message":"[worker-api-2368fc5b-0ebe-45c8-b5ec-2c78f662a87d]: Assigning socketPath: /tmp/fire_emu_396.sock"}}
[debug] [2020-09-10T23:42:59.073Z] [worker-api-2368fc5b-0ebe-45c8-b5ec-2c78f662a87d]: BUSY {"metadata":{"emulator":{"name":"functions"},"message":"[worker-api-2368fc5b-0ebe-45c8-b5ec-2c78f662a87d]: BUSY"}}
[debug] [2020-09-10T23:43:01.079Z] [runtime-status] [396] Functions runtime initialized. {"cwd":"/mnt/c/Users/axel_/Documents/Learning/5 Days React JS/amazon-clone/functions","node_version":"10.19.0"} {"metadata":{"emulator":{"name":"functions"},"function":{"name":"api"},"message":"[runtime-status] [396] Functions runtime initialized. {\"cwd\":\"/mnt/c/Users/axel_/Documents/Learning/5 Days React JS/amazon-clone/functions\",\"node_version\":\"10.19.0\"}"}}
[debug] [2020-09-10T23:43:01.081Z] [runtime-status] [396] Disabled runtime features: undefined {"metadata":{"emulator":{"name":"functions"},"function":{"name":"api"},"message":"[runtime-status] [396] Disabled runtime features: undefined"}}
[debug] [2020-09-10T23:43:01.086Z] [runtime-status] [396] Resolved module firebase-admin {"declared":true,"installed":true,"version":"8.13.0","resolution":"/mnt/c/Users/axel_/Documents/Learning/5 Days React JS/amazon-clone/functions/node_modules/firebase-admin/lib/index.js"} {"metadata":{"emulator":{"name":"functions"},"function":{"name":"api"},"message":"[runtime-status] [396] Resolved module firebase-admin {\"declared\":true,\"installed\":true,\"version\":\"8.13.0\",\"resolution\":\"/mnt/c/Users/axel_/Documents/Learning/5 Days React JS/amazon-clone/functions/node_modules/firebase-admin/lib/index.js\"}"}}
[debug] [2020-09-10T23:43:01.089Z] [runtime-status] [396] Resolved module firebase-functions {"declared":true,"installed":true,"version":"3.11.0","resolution":"/mnt/c/Users/axel_/Documents/Learning/5 Days React JS/amazon-clone/functions/node_modules/firebase-functions/lib/index.js"} {"metadata":{"emulator":{"name":"functions"},"function":{"name":"api"},"message":"[runtime-status] [396] Resolved module firebase-functions {\"declared\":true,\"installed\":true,\"version\":\"3.11.0\",\"resolution\":\"/mnt/c/Users/axel_/Documents/Learning/5 Days React JS/amazon-clone/functions/node_modules/firebase-functions/lib/index.js\"}"}}
[debug] [2020-09-10T23:43:01.090Z] [runtime-status] [396] Resolved module firebase-functions {"declared":true,"installed":true,"version":"3.11.0","resolution":"/mnt/c/Users/axel_/Documents/Learning/5 Days React JS/amazon-clone/functions/node_modules/firebase-functions/lib/index.js"} {"metadata":{"emulator":{"name":"functions"},"function":{"name":"api"},"message":"[runtime-status] [396] Resolved module firebase-functions {\"declared\":true,\"installed\":true,\"version\":\"3.11.0\",\"resolution\":\"/mnt/c/Users/axel_/Documents/Learning/5 Days React JS/amazon-clone/functions/node_modules/firebase-functions/lib/index.js\"}"}}
[debug] [2020-09-10T23:43:01.094Z] [runtime-status] [396] Outgoing network have been stubbed. [{"name":"http","status":"mocked"},{"name":"http","status":"mocked"},{"name":"https","status":"mocked"},{"name":"https","status":"mocked"},{"name":"net","status":"mocked"}] {"metadata":{"emulator":{"name":"functions"},"function":{"name":"api"},"message":"[runtime-status] [396] Outgoing network have been stubbed. [{\"name\":\"http\",\"status\":\"mocked\"},{\"name\":\"http\",\"status\":\"mocked\"},{\"name\":\"https\",\"status\":\"mocked\"},{\"name\":\"https\",\"status\":\"mocked\"},{\"name\":\"net\",\"status\":\"mocked\"}]"}}
[debug] [2020-09-10T23:43:01.095Z] [runtime-status] [396] Resolved module firebase-functions {"declared":true,"installed":true,"version":"3.11.0","resolution":"/mnt/c/Users/axel_/Documents/Learning/5 Days React JS/amazon-clone/functions/node_modules/firebase-functions/lib/index.js"} {"metadata":{"emulator":{"name":"functions"},"function":{"name":"api"},"message":"[runtime-status] [396] Resolved module firebase-functions {\"declared\":true,\"installed\":true,\"version\":\"3.11.0\",\"resolution\":\"/mnt/c/Users/axel_/Documents/Learning/5 Days React JS/amazon-clone/functions/node_modules/firebase-functions/lib/index.js\"}"}}
[debug] [2020-09-10T23:43:01.191Z] [runtime-status] [396] Checked functions.config() {"config":{}} {"metadata":{"emulator":{"name":"functions"},"function":{"name":"api"},"message":"[runtime-status] [396] Checked functions.config() {\"config\":{}}"}}
[debug] [2020-09-10T23:43:01.192Z] [runtime-status] [396] firebase-functions has been stubbed. {"functionsResolution":{"declared":true,"installed":true,"version":"3.11.0","resolution":"/mnt/c/Users/axel_/Documents/Learning/5 Days React JS/amazon-clone/functions/node_modules/firebase-functions/lib/index.js"}} {"metadata":{"emulator":{"name":"functions"},"function":{"name":"api"},"message":"[runtime-status] [396] firebase-functions has been stubbed. {\"functionsResolution\":{\"declared\":true,\"installed\":true,\"version\":\"3.11.0\",\"resolution\":\"/mnt/c/Users/axel_/Documents/Learning/5 Days React JS/amazon-clone/functions/node_modules/firebase-functions/lib/index.js\"}}"}}
[debug] [2020-09-10T23:43:01.193Z] [runtime-status] [396] Resolved module firebase-functions {"declared":true,"installed":true,"version":"3.11.0","resolution":"/mnt/c/Users/axel_/Documents/Learning/5 Days React JS/amazon-clone/functions/node_modules/firebase-functions/lib/index.js"} {"metadata":{"emulator":{"name":"functions"},"function":{"name":"api"},"message":"[runtime-status] [396] Resolved module firebase-functions {\"declared\":true,\"installed\":true,\"version\":\"3.11.0\",\"resolution\":\"/mnt/c/Users/axel_/Documents/Learning/5 Days React JS/amazon-clone/functions/node_modules/firebase-functions/lib/index.js\"}"}}
[debug] [2020-09-10T23:43:01.195Z] [runtime-status] [396] Resolved module firebase-admin {"declared":true,"installed":true,"version":"8.13.0","resolution":"/mnt/c/Users/axel_/Documents/Learning/5 Days React JS/amazon-clone/functions/node_modules/firebase-admin/lib/index.js"} {"metadata":{"emulator":{"name":"functions"},"function":{"name":"api"},"message":"[runtime-status] [396] Resolved module firebase-admin {\"declared\":true,\"installed\":true,\"version\":\"8.13.0\",\"resolution\":\"/mnt/c/Users/axel_/Documents/Learning/5 Days React JS/amazon-clone/functions/node_modules/firebase-admin/lib/index.js\"}"}}
[debug] [2020-09-10T23:43:01.196Z] [runtime-status] [396] Resolved module firebase-functions {"declared":true,"installed":true,"version":"3.11.0","resolution":"/mnt/c/Users/axel_/Documents/Learning/5 Days React JS/amazon-clone/functions/node_modules/firebase-functions/lib/index.js"} {"metadata":{"emulator":{"name":"functions"},"function":{"name":"api"},"message":"[runtime-status] [396] Resolved module firebase-functions {\"declared\":true,\"installed\":true,\"version\":\"3.11.0\",\"resolution\":\"/mnt/c/Users/axel_/Documents/Learning/5 Days React JS/amazon-clone/functions/node_modules/firebase-functions/lib/index.js\"}"}}
[debug] [2020-09-10T23:43:01.196Z] [runtime-status] [396] firebase-admin has been stubbed. {"adminResolution":{"declared":true,"installed":true,"version":"8.13.0","resolution":"/mnt/c/Users/axel_/Documents/Learning/5 Days React JS/amazon-clone/functions/node_modules/firebase-admin/lib/index.js"}} {"metadata":{"emulator":{"name":"functions"},"function":{"name":"api"},"message":"[runtime-status] [396] firebase-admin has been stubbed. {\"adminResolution\":{\"declared\":true,\"installed\":true,\"version\":\"8.13.0\",\"resolution\":\"/mnt/c/Users/axel_/Documents/Learning/5 Days React JS/amazon-clone/functions/node_modules/firebase-admin/lib/index.js\"}}"}}
[debug] [2020-09-10T23:43:01.548Z] [runtime-status] [396] Trigger "api" has been found, beginning invocation! {"metadata":{"emulator":{"name":"functions"},"function":{"name":"api"},"message":"[runtime-status] [396] Trigger \"api\" has been found, beginning invocation!"}}
[info] i  functions: Beginning execution of "api" {"metadata":{"emulator":{"name":"functions"},"function":{"name":"api"},"message":"Beginning execution of \"api\""}}
[debug] [2020-09-10T23:43:01.550Z] [runtime-status] [396] triggerDefinition {"httpsTrigger":{},"name":"api","entryPoint":"api"} {"metadata":{"emulator":{"name":"functions"},"function":{"name":"api"},"message":"[runtime-status] [396] triggerDefinition {\"httpsTrigger\":{},\"name\":\"api\",\"entryPoint\":\"api\"}"}}
[debug] [2020-09-10T23:43:01.550Z] [runtime-status] [396] Running api in mode HTTPS {"metadata":{"emulator":{"name":"functions"},"function":{"name":"api"},"message":"[runtime-status] [396] Running api in mode HTTPS"}}
[debug] [2020-09-10T23:43:01.554Z] [runtime-status] [396] Attempting to listen to socketPath: /tmp/fire_emu_396.sock {"metadata":{"emulator":{"name":"functions"},"function":{"name":"api"},"message":"[runtime-status] [396] Attempting to listen to socketPath: /tmp/fire_emu_396.sock"}}
[debug] [2020-09-10T23:43:01.561Z] [functions] Runtime ready! Sending request! {"metadata":{"emulator":{"name":"functions"},"message":"[functions] Runtime ready! Sending request!"}}
[debug] [2020-09-10T23:43:01.573Z] [runtime-status] [396] Ephemeral server handling POST request {"metadata":{"emulator":{"name":"functions"},"function":{"name":"api"},"message":"[runtime-status] [396] Ephemeral server handling POST request"}}
[info] >  Payment Request Received BOOM!! for this amount:  5998 {"user":"Payment Request Received BOOM!! for this amount:  5998","metadata":{"emulator":{"name":"functions"},"function":{"name":"api"},"message":"\u001b[90m> \u001b[39m Payment Request Received BOOM!! for this amount:  5998"}}
[debug] [2020-09-10T23:43:01.607Z] [runtime-status] [396] Ephemeral server survived. {"metadata":{"emulator":{"name":"functions"},"function":{"name":"api"},"message":"[runtime-status] [396] Ephemeral server survived."}}
[info] i  functions: Finished "api" in ~1s {"metadata":{"emulator":{"name":"functions"},"function":{"name":"api"},"message":"Finished \"api\" in ~1s"}}
[debug] [2020-09-10T23:43:02.360Z] [worker-api-2368fc5b-0ebe-45c8-b5ec-2c78f662a87d]: IDLE {"metadata":{"emulator":{"name":"functions"},"message":"[worker-api-2368fc5b-0ebe-45c8-b5ec-2c78f662a87d]: IDLE"}}
[debug] [2020-09-10T23:43:02.362Z] [work-queue] {"queueLength":0,"workRunningCount":0}
[debug] [2020-09-10T23:47:40.315Z] File /mnt/c/Users/axel_/Documents/Learning/5 Days React JS/amazon-clone/functions/index.js changed, reloading triggers {"metadata":{"emulator":{"name":"functions"},"message":"File /mnt/c/Users/axel_/Documents/Learning/5 Days React JS/amazon-clone/functions/index.js changed, reloading triggers"}}
[debug] [2020-09-10T23:47:41.318Z] [worker-pool] Shutting down IDLE worker (~diagnostic~) {"metadata":{"emulator":{"name":"functions"},"message":"[worker-pool] Shutting down IDLE worker (~diagnostic~)"}}
[debug] [2020-09-10T23:47:41.318Z] [worker-~diagnostic~-5ac98773-3c69-42fd-8e8e-0f1b92d41404]: FINISHING {"metadata":{"emulator":{"name":"functions"},"message":"[worker-~diagnostic~-5ac98773-3c69-42fd-8e8e-0f1b92d41404]: FINISHING"}}
[debug] [2020-09-10T23:47:41.319Z] [worker-pool] Shutting down IDLE worker (api) {"metadata":{"emulator":{"name":"functions"},"message":"[worker-pool] Shutting down IDLE worker (api)"}}
[debug] [2020-09-10T23:47:41.319Z] [worker-api-2368fc5b-0ebe-45c8-b5ec-2c78f662a87d]: FINISHING {"metadata":{"emulator":{"name":"functions"},"message":"[worker-api-2368fc5b-0ebe-45c8-b5ec-2c78f662a87d]: FINISHING"}}
[debug] [2020-09-10T23:47:41.361Z] [worker-pool] addWorker(~diagnostic~) {"metadata":{"emulator":{"name":"functions"},"message":"[worker-pool] addWorker(~diagnostic~)"}}
[debug] [2020-09-10T23:47:41.362Z] [worker-pool] Adding worker with key ~diagnostic~, total=2 {"metadata":{"emulator":{"name":"functions"},"message":"[worker-pool] Adding worker with key ~diagnostic~, total=2"}}
[debug] [2020-09-10T23:47:41.362Z] [worker-pool] submitWork(triggerId=) {"metadata":{"emulator":{"name":"functions"},"message":"[worker-pool] submitWork(triggerId=)"}}
[debug] [2020-09-10T23:47:41.362Z] [worker-~diagnostic~-1705ae93-d0e1-4f54-b97f-a38e2a6f6b51]: Assigning socketPath: /tmp/fire_emu_409.sock {"metadata":{"emulator":{"name":"functions"},"message":"[worker-~diagnostic~-1705ae93-d0e1-4f54-b97f-a38e2a6f6b51]: Assigning socketPath: /tmp/fire_emu_409.sock"}}
[debug] [2020-09-10T23:47:41.363Z] [worker-~diagnostic~-1705ae93-d0e1-4f54-b97f-a38e2a6f6b51]: BUSY {"metadata":{"emulator":{"name":"functions"},"message":"[worker-~diagnostic~-1705ae93-d0e1-4f54-b97f-a38e2a6f6b51]: BUSY"}}
[debug] [2020-09-10T23:47:41.367Z] [worker-~diagnostic~-5ac98773-3c69-42fd-8e8e-0f1b92d41404]: exited {"metadata":{"emulator":{"name":"functions"},"message":"[worker-~diagnostic~-5ac98773-3c69-42fd-8e8e-0f1b92d41404]: exited"}}
[debug] [2020-09-10T23:47:41.367Z] [worker-~diagnostic~-5ac98773-3c69-42fd-8e8e-0f1b92d41404]: FINISHED {"metadata":{"emulator":{"name":"functions"},"message":"[worker-~diagnostic~-5ac98773-3c69-42fd-8e8e-0f1b92d41404]: FINISHED"}}
[debug] [2020-09-10T23:47:41.368Z] [worker-api-2368fc5b-0ebe-45c8-b5ec-2c78f662a87d]: exited {"metadata":{"emulator":{"name":"functions"},"message":"[worker-api-2368fc5b-0ebe-45c8-b5ec-2c78f662a87d]: exited"}}
[debug] [2020-09-10T23:47:41.368Z] [worker-api-2368fc5b-0ebe-45c8-b5ec-2c78f662a87d]: FINISHED {"metadata":{"emulator":{"name":"functions"},"message":"[worker-api-2368fc5b-0ebe-45c8-b5ec-2c78f662a87d]: FINISHED"}}
[debug] [2020-09-10T23:47:43.222Z] [runtime-status] [409] Functions runtime initialized. {"cwd":"/mnt/c/Users/axel_/Documents/Learning/5 Days React JS/amazon-clone/functions","node_version":"10.19.0"} {"metadata":{"emulator":{"name":"functions"},"message":"[runtime-status] [409] Functions runtime initialized. {\"cwd\":\"/mnt/c/Users/axel_/Documents/Learning/5 Days React JS/amazon-clone/functions\",\"node_version\":\"10.19.0\"}"}}
[debug] [2020-09-10T23:47:43.224Z] [runtime-status] [409] Disabled runtime features: undefined {"metadata":{"emulator":{"name":"functions"},"message":"[runtime-status] [409] Disabled runtime features: undefined"}}
[debug] [2020-09-10T23:47:43.229Z] [runtime-status] [409] Resolved module firebase-admin {"declared":true,"installed":true,"version":"8.13.0","resolution":"/mnt/c/Users/axel_/Documents/Learning/5 Days React JS/amazon-clone/functions/node_modules/firebase-admin/lib/index.js"} {"metadata":{"emulator":{"name":"functions"},"message":"[runtime-status] [409] Resolved module firebase-admin {\"declared\":true,\"installed\":true,\"version\":\"8.13.0\",\"resolution\":\"/mnt/c/Users/axel_/Documents/Learning/5 Days React JS/amazon-clone/functions/node_modules/firebase-admin/lib/index.js\"}"}}
[debug] [2020-09-10T23:47:43.232Z] [runtime-status] [409] Resolved module firebase-functions {"declared":true,"installed":true,"version":"3.11.0","resolution":"/mnt/c/Users/axel_/Documents/Learning/5 Days React JS/amazon-clone/functions/node_modules/firebase-functions/lib/index.js"} {"metadata":{"emulator":{"name":"functions"},"message":"[runtime-status] [409] Resolved module firebase-functions {\"declared\":true,\"installed\":true,\"version\":\"3.11.0\",\"resolution\":\"/mnt/c/Users/axel_/Documents/Learning/5 Days React JS/amazon-clone/functions/node_modules/firebase-functions/lib/index.js\"}"}}
[debug] [2020-09-10T23:47:43.234Z] [runtime-status] [409] Resolved module firebase-functions {"declared":true,"installed":true,"version":"3.11.0","resolution":"/mnt/c/Users/axel_/Documents/Learning/5 Days React JS/amazon-clone/functions/node_modules/firebase-functions/lib/index.js"} {"metadata":{"emulator":{"name":"functions"},"message":"[runtime-status] [409] Resolved module firebase-functions {\"declared\":true,\"installed\":true,\"version\":\"3.11.0\",\"resolution\":\"/mnt/c/Users/axel_/Documents/Learning/5 Days React JS/amazon-clone/functions/node_modules/firebase-functions/lib/index.js\"}"}}
[debug] [2020-09-10T23:47:43.242Z] [runtime-status] [409] Outgoing network have been stubbed. [{"name":"http","status":"mocked"},{"name":"http","status":"mocked"},{"name":"https","status":"mocked"},{"name":"https","status":"mocked"},{"name":"net","status":"mocked"}] {"metadata":{"emulator":{"name":"functions"},"message":"[runtime-status] [409] Outgoing network have been stubbed. [{\"name\":\"http\",\"status\":\"mocked\"},{\"name\":\"http\",\"status\":\"mocked\"},{\"name\":\"https\",\"status\":\"mocked\"},{\"name\":\"https\",\"status\":\"mocked\"},{\"name\":\"net\",\"status\":\"mocked\"}]"}}
[debug] [2020-09-10T23:47:43.242Z] [runtime-status] [409] Resolved module firebase-functions {"declared":true,"installed":true,"version":"3.11.0","resolution":"/mnt/c/Users/axel_/Documents/Learning/5 Days React JS/amazon-clone/functions/node_modules/firebase-functions/lib/index.js"} {"metadata":{"emulator":{"name":"functions"},"message":"[runtime-status] [409] Resolved module firebase-functions {\"declared\":true,\"installed\":true,\"version\":\"3.11.0\",\"resolution\":\"/mnt/c/Users/axel_/Documents/Learning/5 Days React JS/amazon-clone/functions/node_modules/firebase-functions/lib/index.js\"}"}}
[debug] [2020-09-10T23:47:43.368Z] [runtime-status] [409] Checked functions.config() {"config":{}} {"metadata":{"emulator":{"name":"functions"},"message":"[runtime-status] [409] Checked functions.config() {\"config\":{}}"}}
[debug] [2020-09-10T23:47:43.369Z] [runtime-status] [409] firebase-functions has been stubbed. {"functionsResolution":{"declared":true,"installed":true,"version":"3.11.0","resolution":"/mnt/c/Users/axel_/Documents/Learning/5 Days React JS/amazon-clone/functions/node_modules/firebase-functions/lib/index.js"}} {"metadata":{"emulator":{"name":"functions"},"message":"[runtime-status] [409] firebase-functions has been stubbed. {\"functionsResolution\":{\"declared\":true,\"installed\":true,\"version\":\"3.11.0\",\"resolution\":\"/mnt/c/Users/axel_/Documents/Learning/5 Days React JS/amazon-clone/functions/node_modules/firebase-functions/lib/index.js\"}}"}}
[debug] [2020-09-10T23:47:43.370Z] [runtime-status] [409] Resolved module firebase-functions {"declared":true,"installed":true,"version":"3.11.0","resolution":"/mnt/c/Users/axel_/Documents/Learning/5 Days React JS/amazon-clone/functions/node_modules/firebase-functions/lib/index.js"} {"metadata":{"emulator":{"name":"functions"},"message":"[runtime-status] [409] Resolved module firebase-functions {\"declared\":true,\"installed\":true,\"version\":\"3.11.0\",\"resolution\":\"/mnt/c/Users/axel_/Documents/Learning/5 Days React JS/amazon-clone/functions/node_modules/firebase-functions/lib/index.js\"}"}}
[debug] [2020-09-10T23:47:43.373Z] [runtime-status] [409] Resolved module firebase-admin {"declared":true,"installed":true,"version":"8.13.0","resolution":"/mnt/c/Users/axel_/Documents/Learning/5 Days React JS/amazon-clone/functions/node_modules/firebase-admin/lib/index.js"} {"metadata":{"emulator":{"name":"functions"},"message":"[runtime-status] [409] Resolved module firebase-admin {\"declared\":true,\"installed\":true,\"version\":\"8.13.0\",\"resolution\":\"/mnt/c/Users/axel_/Documents/Learning/5 Days React JS/amazon-clone/functions/node_modules/firebase-admin/lib/index.js\"}"}}
[debug] [2020-09-10T23:47:43.374Z] [runtime-status] [409] Resolved module firebase-functions {"declared":true,"installed":true,"version":"3.11.0","resolution":"/mnt/c/Users/axel_/Documents/Learning/5 Days React JS/amazon-clone/functions/node_modules/firebase-functions/lib/index.js"} {"metadata":{"emulator":{"name":"functions"},"message":"[runtime-status] [409] Resolved module firebase-functions {\"declared\":true,\"installed\":true,\"version\":\"3.11.0\",\"resolution\":\"/mnt/c/Users/axel_/Documents/Learning/5 Days React JS/amazon-clone/functions/node_modules/firebase-functions/lib/index.js\"}"}}
[debug] [2020-09-10T23:47:43.375Z] [runtime-status] [409] firebase-admin has been stubbed. {"adminResolution":{"declared":true,"installed":true,"version":"8.13.0","resolution":"/mnt/c/Users/axel_/Documents/Learning/5 Days React JS/amazon-clone/functions/node_modules/firebase-admin/lib/index.js"}} {"metadata":{"emulator":{"name":"functions"},"message":"[runtime-status] [409] firebase-admin has been stubbed. {\"adminResolution\":{\"declared\":true,\"installed\":true,\"version\":\"8.13.0\",\"resolution\":\"/mnt/c/Users/axel_/Documents/Learning/5 Days React JS/amazon-clone/functions/node_modules/firebase-admin/lib/index.js\"}}"}}
[debug] [2020-09-10T23:47:43.800Z] [worker-~diagnostic~-1705ae93-d0e1-4f54-b97f-a38e2a6f6b51]: IDLE {"metadata":{"emulator":{"name":"functions"},"message":"[worker-~diagnostic~-1705ae93-d0e1-4f54-b97f-a38e2a6f6b51]: IDLE"}}
[debug] [2020-09-11T00:06:29.404Z] [work-queue] {"queueLength":1,"workRunningCount":0}
[debug] [2020-09-11T00:06:29.408Z] [work-queue] {"queueLength":0,"workRunningCount":1}
[debug] [2020-09-11T00:06:29.410Z] Accepted request POST /challenge-bc120/us-central1/api/payments/create?total=5998 --> api
[debug] [2020-09-11T00:06:29.414Z] [worker-pool] Cleaned up workers for ~diagnostic~: 2 --> 1 {"metadata":{"emulator":{"name":"functions"},"message":"[worker-pool] Cleaned up workers for ~diagnostic~: 2 --> 1"}}
[debug] [2020-09-11T00:06:29.414Z] [worker-pool] Cleaned up workers for api: 1 --> 0 {"metadata":{"emulator":{"name":"functions"},"message":"[worker-pool] Cleaned up workers for api: 1 --> 0"}}
[debug] [2020-09-11T00:06:29.472Z] [worker-pool] addWorker(api) {"metadata":{"emulator":{"name":"functions"},"message":"[worker-pool] addWorker(api)"}}
[debug] [2020-09-11T00:06:29.472Z] [worker-pool] Adding worker with key api, total=1 {"metadata":{"emulator":{"name":"functions"},"message":"[worker-pool] Adding worker with key api, total=1"}}
[debug] [2020-09-11T00:06:29.473Z] [worker-pool] submitWork(triggerId=api) {"metadata":{"emulator":{"name":"functions"},"message":"[worker-pool] submitWork(triggerId=api)"}}
[debug] [2020-09-11T00:06:29.473Z] [worker-api-c9e60432-719f-4f54-a940-1cb815029bea]: Assigning socketPath: /tmp/fire_emu_416.sock {"metadata":{"emulator":{"name":"functions"},"message":"[worker-api-c9e60432-719f-4f54-a940-1cb815029bea]: Assigning socketPath: /tmp/fire_emu_416.sock"}}
[debug] [2020-09-11T00:06:29.474Z] [worker-api-c9e60432-719f-4f54-a940-1cb815029bea]: BUSY {"metadata":{"emulator":{"name":"functions"},"message":"[worker-api-c9e60432-719f-4f54-a940-1cb815029bea]: BUSY"}}
[debug] [2020-09-11T00:06:31.497Z] [runtime-status] [416] Functions runtime initialized. {"cwd":"/mnt/c/Users/axel_/Documents/Learning/5 Days React JS/amazon-clone/functions","node_version":"10.19.0"} {"metadata":{"emulator":{"name":"functions"},"function":{"name":"api"},"message":"[runtime-status] [416] Functions runtime initialized. {\"cwd\":\"/mnt/c/Users/axel_/Documents/Learning/5 Days React JS/amazon-clone/functions\",\"node_version\":\"10.19.0\"}"}}
[debug] [2020-09-11T00:06:31.498Z] [runtime-status] [416] Disabled runtime features: undefined {"metadata":{"emulator":{"name":"functions"},"function":{"name":"api"},"message":"[runtime-status] [416] Disabled runtime features: undefined"}}
[debug] [2020-09-11T00:06:31.506Z] [runtime-status] [416] Resolved module firebase-admin {"declared":true,"installed":true,"version":"8.13.0","resolution":"/mnt/c/Users/axel_/Documents/Learning/5 Days React JS/amazon-clone/functions/node_modules/firebase-admin/lib/index.js"} {"metadata":{"emulator":{"name":"functions"},"function":{"name":"api"},"message":"[runtime-status] [416] Resolved module firebase-admin {\"declared\":true,\"installed\":true,\"version\":\"8.13.0\",\"resolution\":\"/mnt/c/Users/axel_/Documents/Learning/5 Days React JS/amazon-clone/functions/node_modules/firebase-admin/lib/index.js\"}"}}
[debug] [2020-09-11T00:06:31.510Z] [runtime-status] [416] Resolved module firebase-functions {"declared":true,"installed":true,"version":"3.11.0","resolution":"/mnt/c/Users/axel_/Documents/Learning/5 Days React JS/amazon-clone/functions/node_modules/firebase-functions/lib/index.js"} {"metadata":{"emulator":{"name":"functions"},"function":{"name":"api"},"message":"[runtime-status] [416] Resolved module firebase-functions {\"declared\":true,\"installed\":true,\"version\":\"3.11.0\",\"resolution\":\"/mnt/c/Users/axel_/Documents/Learning/5 Days React JS/amazon-clone/functions/node_modules/firebase-functions/lib/index.js\"}"}}
[debug] [2020-09-11T00:06:31.512Z] [runtime-status] [416] Resolved module firebase-functions {"declared":true,"installed":true,"version":"3.11.0","resolution":"/mnt/c/Users/axel_/Documents/Learning/5 Days React JS/amazon-clone/functions/node_modules/firebase-functions/lib/index.js"} {"metadata":{"emulator":{"name":"functions"},"function":{"name":"api"},"message":"[runtime-status] [416] Resolved module firebase-functions {\"declared\":true,\"installed\":true,\"version\":\"3.11.0\",\"resolution\":\"/mnt/c/Users/axel_/Documents/Learning/5 Days React JS/amazon-clone/functions/node_modules/firebase-functions/lib/index.js\"}"}}
[debug] [2020-09-11T00:06:31.517Z] [runtime-status] [416] Outgoing network have been stubbed. [{"name":"http","status":"mocked"},{"name":"http","status":"mocked"},{"name":"https","status":"mocked"},{"name":"https","status":"mocked"},{"name":"net","status":"mocked"}] {"metadata":{"emulator":{"name":"functions"},"function":{"name":"api"},"message":"[runtime-status] [416] Outgoing network have been stubbed. [{\"name\":\"http\",\"status\":\"mocked\"},{\"name\":\"http\",\"status\":\"mocked\"},{\"name\":\"https\",\"status\":\"mocked\"},{\"name\":\"https\",\"status\":\"mocked\"},{\"name\":\"net\",\"status\":\"mocked\"}]"}}
[debug] [2020-09-11T00:06:31.520Z] [runtime-status] [416] Resolved module firebase-functions {"declared":true,"installed":true,"version":"3.11.0","resolution":"/mnt/c/Users/axel_/Documents/Learning/5 Days React JS/amazon-clone/functions/node_modules/firebase-functions/lib/index.js"} {"metadata":{"emulator":{"name":"functions"},"function":{"name":"api"},"message":"[runtime-status] [416] Resolved module firebase-functions {\"declared\":true,\"installed\":true,\"version\":\"3.11.0\",\"resolution\":\"/mnt/c/Users/axel_/Documents/Learning/5 Days React JS/amazon-clone/functions/node_modules/firebase-functions/lib/index.js\"}"}}
[debug] [2020-09-11T00:06:31.621Z] [runtime-status] [416] Checked functions.config() {"config":{}} {"metadata":{"emulator":{"name":"functions"},"function":{"name":"api"},"message":"[runtime-status] [416] Checked functions.config() {\"config\":{}}"}}
[debug] [2020-09-11T00:06:31.621Z] [runtime-status] [416] firebase-functions has been stubbed. {"functionsResolution":{"declared":true,"installed":true,"version":"3.11.0","resolution":"/mnt/c/Users/axel_/Documents/Learning/5 Days React JS/amazon-clone/functions/node_modules/firebase-functions/lib/index.js"}} {"metadata":{"emulator":{"name":"functions"},"function":{"name":"api"},"message":"[runtime-status] [416] firebase-functions has been stubbed. {\"functionsResolution\":{\"declared\":true,\"installed\":true,\"version\":\"3.11.0\",\"resolution\":\"/mnt/c/Users/axel_/Documents/Learning/5 Days React JS/amazon-clone/functions/node_modules/firebase-functions/lib/index.js\"}}"}}
[debug] [2020-09-11T00:06:31.621Z] [runtime-status] [416] Resolved module firebase-functions {"declared":true,"installed":true,"version":"3.11.0","resolution":"/mnt/c/Users/axel_/Documents/Learning/5 Days React JS/amazon-clone/functions/node_modules/firebase-functions/lib/index.js"} {"metadata":{"emulator":{"name":"functions"},"function":{"name":"api"},"message":"[runtime-status] [416] Resolved module firebase-functions {\"declared\":true,\"installed\":true,\"version\":\"3.11.0\",\"resolution\":\"/mnt/c/Users/axel_/Documents/Learning/5 Days React JS/amazon-clone/functions/node_modules/firebase-functions/lib/index.js\"}"}}
[debug] [2020-09-11T00:06:31.623Z] [runtime-status] [416] Resolved module firebase-admin {"declared":true,"installed":true,"version":"8.13.0","resolution":"/mnt/c/Users/axel_/Documents/Learning/5 Days React JS/amazon-clone/functions/node_modules/firebase-admin/lib/index.js"} {"metadata":{"emulator":{"name":"functions"},"function":{"name":"api"},"message":"[runtime-status] [416] Resolved module firebase-admin {\"declared\":true,\"installed\":true,\"version\":\"8.13.0\",\"resolution\":\"/mnt/c/Users/axel_/Documents/Learning/5 Days React JS/amazon-clone/functions/node_modules/firebase-admin/lib/index.js\"}"}}
[debug] [2020-09-11T00:06:31.624Z] [runtime-status] [416] Resolved module firebase-functions {"declared":true,"installed":true,"version":"3.11.0","resolution":"/mnt/c/Users/axel_/Documents/Learning/5 Days React JS/amazon-clone/functions/node_modules/firebase-functions/lib/index.js"} {"metadata":{"emulator":{"name":"functions"},"function":{"name":"api"},"message":"[runtime-status] [416] Resolved module firebase-functions {\"declared\":true,\"installed\":true,\"version\":\"3.11.0\",\"resolution\":\"/mnt/c/Users/axel_/Documents/Learning/5 Days React JS/amazon-clone/functions/node_modules/firebase-functions/lib/index.js\"}"}}
[debug] [2020-09-11T00:06:31.625Z] [runtime-status] [416] firebase-admin has been stubbed. {"adminResolution":{"declared":true,"installed":true,"version":"8.13.0","resolution":"/mnt/c/Users/axel_/Documents/Learning/5 Days React JS/amazon-clone/functions/node_modules/firebase-admin/lib/index.js"}} {"metadata":{"emulator":{"name":"functions"},"function":{"name":"api"},"message":"[runtime-status] [416] firebase-admin has been stubbed. {\"adminResolution\":{\"declared\":true,\"installed\":true,\"version\":\"8.13.0\",\"resolution\":\"/mnt/c/Users/axel_/Documents/Learning/5 Days React JS/amazon-clone/functions/node_modules/firebase-admin/lib/index.js\"}}"}}
[debug] [2020-09-11T00:06:32.235Z] [runtime-status] [416] Trigger "api" has been found, beginning invocation! {"metadata":{"emulator":{"name":"functions"},"function":{"name":"api"},"message":"[runtime-status] [416] Trigger \"api\" has been found, beginning invocation!"}}
[info] i  functions: Beginning execution of "api" {"metadata":{"emulator":{"name":"functions"},"function":{"name":"api"},"message":"Beginning execution of \"api\""}}
[debug] [2020-09-11T00:06:32.269Z] [runtime-status] [416] triggerDefinition {"httpsTrigger":{},"name":"api","entryPoint":"api"} {"metadata":{"emulator":{"name":"functions"},"function":{"name":"api"},"message":"[runtime-status] [416] triggerDefinition {\"httpsTrigger\":{},\"name\":\"api\",\"entryPoint\":\"api\"}"}}
[debug] [2020-09-11T00:06:32.269Z] [runtime-status] [416] Running api in mode HTTPS {"metadata":{"emulator":{"name":"functions"},"function":{"name":"api"},"message":"[runtime-status] [416] Running api in mode HTTPS"}}
[debug] [2020-09-11T00:06:32.271Z] [runtime-status] [416] Attempting to listen to socketPath: /tmp/fire_emu_416.sock {"metadata":{"emulator":{"name":"functions"},"function":{"name":"api"},"message":"[runtime-status] [416] Attempting to listen to socketPath: /tmp/fire_emu_416.sock"}}
[warn] ⚠  functions: Error: listen EADDRINUSE: address already in use /tmp/fire_emu_416.sock
    at Server.setupListenHandle [as _listen2] (net.js:1263:19)
    at listenInCluster (net.js:1328:12)
    at Server.listen (net.js:1426:5)
    at Function.listen (/usr/local/lib/node_modules/firebase-tools/node_modules/express/lib/application.js:618:24)
    at Promise (/usr/local/lib/node_modules/firebase-tools/lib/emulator/functionsEmulatorRuntime.js:543:46)
    at new Promise (<anonymous>)
    at /usr/local/lib/node_modules/firebase-tools/lib/emulator/functionsEmulatorRuntime.js:500:15
    at Generator.next (<anonymous>)
    at /usr/local/lib/node_modules/firebase-tools/lib/emulator/functionsEmulatorRuntime.js:8:71
    at new Promise (<anonymous>) {"metadata":{"emulator":{"name":"functions"},"function":{"name":"api"},"message":"Error: listen EADDRINUSE: address already in use /tmp/fire_emu_416.sock\n    at Server.setupListenHandle [as _listen2] (net.js:1263:19)\n    at listenInCluster (net.js:1328:12)\n    at Server.listen (net.js:1426:5)\n    at Function.listen (/usr/local/lib/node_modules/firebase-tools/node_modules/express/lib/application.js:618:24)\n    at Promise (/usr/local/lib/node_modules/firebase-tools/lib/emulator/functionsEmulatorRuntime.js:543:46)\n    at new Promise (<anonymous>)\n    at /usr/local/lib/node_modules/firebase-tools/lib/emulator/functionsEmulatorRuntime.js:500:15\n    at Generator.next (<anonymous>)\n    at /usr/local/lib/node_modules/firebase-tools/lib/emulator/functionsEmulatorRuntime.js:8:71\n    at new Promise (<anonymous>)"}}
[warn] ⚠  Your function was killed because it raised an unhandled error. {"metadata":{"emulator":{"name":"functions"},"function":{"name":"api"},"message":"Your function was killed because it raised an unhandled error."}}
[debug] [2020-09-11T00:06:32.303Z] [worker-api-c9e60432-719f-4f54-a940-1cb815029bea]: exited {"metadata":{"emulator":{"name":"functions"},"message":"[worker-api-c9e60432-719f-4f54-a940-1cb815029bea]: exited"}}
[debug] [2020-09-11T00:06:32.303Z] [worker-api-c9e60432-719f-4f54-a940-1cb815029bea]: FINISHED {"metadata":{"emulator":{"name":"functions"},"message":"[worker-api-c9e60432-719f-4f54-a940-1cb815029bea]: FINISHED"}}
[debug] [2020-09-11T00:15:56.171Z] Received signal SIGINT (Ctrl-C) 1
[info]  
[info] i  emulators: Received SIGINT (Ctrl-C) for the first time. Starting a clean shutdown. 
[info] i  emulators: Please wait for a clean shutdown or send the SIGINT (Ctrl-C) signal again to stop right now. 
[info] i  emulators: Shutting down emulators. {"metadata":{"emulator":{"name":"hub"},"message":"Shutting down emulators."}}
[info] i  ui: Stopping Emulator UI {"metadata":{"emulator":{"name":"ui"},"message":"Stopping Emulator UI"}}
[warn] ⚠  Emulator UI has exited upon receiving signal: SIGINT 
[info] i  functions: Stopping Functions Emulator {"metadata":{"emulator":{"name":"functions"},"message":"Stopping Functions Emulator"}}
[info] i  functions: Waiting for all functions to finish... {"metadata":{"emulator":{"name":"functions"},"message":"Waiting for all functions to finish..."}}
